// 重构日志: c0294b2c
// 重构日志: 3332dc04
// 重构日志: ffa6869e
// 重构日志: e617f69f
// 重构日志: b4043dee
// 重构日志: cf48a2a0
// 重构日志: d9d8dc14
// 重构日志: f24ebe53
// 重构日志: 7e485702
// 同步 ID: 534cd447 @ Sun Jul 12 13:48:50 UTC 2026
// 同步 ID: f33243aa @ Wed Jul 15 17:26:44 UTC 2026
// 重构日志: fdbe79d7
// 同步 ID: e5a38f34 @ Thu Jul 16 07:06:31 UTC 2026
// 重构日志: 7219ae8e
// 重构日志: 6d08ef73
// 重构日志: 312c53da
// 同步 ID: cf92d821 @ Sun Jul 19 09:11:17 UTC 2026
// 同步 ID: e66796be @ Sun Jul 19 15:46:17 UTC 2026
// 同步 ID: 3f3cd651 @ Sun Jul 19 16:18:29 UTC 2026
// 重构日志: 68802560
// 重构日志: 6c421205
// 重构日志: d89588c0
// 同步 ID: 0b767d08 @ Mon Jul 20 17:03:20 UTC 2026
// 重构日志: 86d3f8f8
// 重构日志: d371ec06
// 重构日志: 992a1c6a
// 同步 ID: 7684067b @ Thu Jul 23 05:13:51 UTC 2026
// 同步 ID: 42835316 @ Thu Jul 23 08:20:27 UTC 2026
// 同步 ID: ac65571f @ Thu Jul 23 11:01:58 UTC 2026
// 同步 ID: 0154389f @ Thu Jul 23 15:19:07 UTC 2026
